<html>
<head>
<title>TestNG:  Default test</title>
<link href="../testng.css" rel="stylesheet" type="text/css" />
<link href="../my-testng.css" rel="stylesheet" type="text/css" />

<style type="text/css">
.log { display: none;} 
.stack-trace { display: none;} 
</style>
<script type="text/javascript">
<!--
function flip(e) {
  current = e.style.display;
  if (current == 'block') {
    e.style.display = 'none';
    return 0;
  }
  else {
    e.style.display = 'block';
    return 1;
  }
}

function toggleBox(szDivId, elem, msg1, msg2)
{
  var res = -1;  if (document.getElementById) {
    res = flip(document.getElementById(szDivId));
  }
  else if (document.all) {
    // this is the way old msie versions work
    res = flip(document.all[szDivId]);
  }
  if(elem) {
    if(res == 0) elem.innerHTML = msg1; else elem.innerHTML = msg2;
  }

}

function toggleAllBoxes() {
  if (document.getElementsByTagName) {
    d = document.getElementsByTagName('div');
    for (i = 0; i < d.length; i++) {
      if (d[i].className == 'log') {
        flip(d[i]);
      }
    }
  }
}

// -->
</script>

</head>
<body>
<h2 align='center'>Default test</h2><table border='1' align="center">
<tr>
<td>Tests passed/Failed/Skipped:</td><td>6/2/0</td>
</tr><tr>
<td>Started on:</td><td>Tue Apr 04 10:17:47 IST 2023</td>
</tr>
<tr><td>Total time:</td><td>22 seconds (22967 ms)</td>
</tr><tr>
<td>Included groups:</td><td></td>
</tr><tr>
<td>Excluded groups:</td><td></td>
</tr>
</table><p/>
<small><i>(Hover the method name to see the test class name)</i></small><p/>
<table width='100%' border='1' class='invocation-failed'>
<tr><td colspan='4' align='center'><b>FAILED TESTS</b></td></tr>
<tr><td><b>Test method</b></td>
<td><b>Attribute(s)</b></td>
<td width="30%"><b>Exception</b></td>
<td width="10%"><b>Time (seconds)</b></td>
<td><b>Instance</b></td>
</tr>
<tr>
<td title='parallel.parallelRun.runScenario()'><b>runScenario</b><br>Test class: parallel.parallelRun<br>Test method: Runs Cucumber Scenarios<br>Parameters: "Check star rating count increases", "feature to test React Shopping WebSite functionality"</td>
<td><div><pre>org.openqa.selenium.NoSuchElementException: no such element: Unable to locate element: {&quot;method&quot;:&quot;xpath&quot;,&quot;selector&quot;:&quot;(//a[@class=&apos;Link--muted&apos;])[2]&quot;}
  (Session info: chrome=111.0.5563.147)
For documentation on this error, please visit: https://selenium.dev/exceptions/#no_such_element
Build info: version: &apos;4.8.1&apos;, revision: &apos;8ebccac989&apos;
System info: os.name: &apos;Windows 10&apos;, os.arch: &apos;amd64&apos;, os.version: &apos;10.0&apos;, java.version: &apos;17.0.1&apos;
Driver info: org.openqa.selenium.chrome.ChromeDriver
Command: [7708f04cb7c4fc024c19d855f6c45e60, findElement {using=xpath, value=(//a[@class=&apos;Link--muted&apos;])[2]}]
Capabilities {acceptInsecureCerts: false, browserName: chrome, browserVersion: 111.0.5563.147, chrome: {chromedriverVersion: 111.0.5563.64 (c710e93d5b63..., userDataDir: C:\Program Files (x86)\scop...}, goog:chromeOptions: {debuggerAddress: localhost:62520}, networkConnectionEnabled: false, pageLoadStrategy: normal, platformName: WINDOWS, proxy: Proxy(), se:cdp: ws://localhost:62520/devtoo..., se:cdpVersion: 111.0.5563.147, setWindowRect: true, strictFileInteractability: false, timeouts: {implicit: 0, pageLoad: 300000, script: 30000}, unhandledPromptBehavior: dismiss and notify, webauthn:extension:credBlob: true, webauthn:extension:largeBlob: true, webauthn:extension:minPinLength: true, webauthn:extension:prf: true, webauthn:virtualAuthenticators: true}
Session ID: 7708f04cb7c4fc024c19d855f6c45e60
	at java.base/jdk.internal.reflect.NativeConstructorAccessorImpl.newInstance0(Native Method)
	at java.base/jdk.internal.reflect.NativeConstructorAccessorImpl.newInstance(NativeConstructorAccessorImpl.java:77)
	at java.base/jdk.internal.reflect.DelegatingConstructorAccessorImpl.newInstance(DelegatingConstructorAccessorImpl.java:45)
	at java.base/java.lang.reflect.Constructor.newInstanceWithCaller(Constructor.java:499)
	at java.base/java.lang.reflect.Constructor.newInstance(Constructor.java:480)
	at org.openqa.selenium.remote.codec.w3c.W3CHttpResponseCodec.createException(W3CHttpResponseCodec.java:200)
	at org.openqa.selenium.remote.codec.w3c.W3CHttpResponseCodec.decode(W3CHttpResponseCodec.java:133)
	at org.openqa.selenium.remote.codec.w3c.W3CHttpResponseCodec.decode(W3CHttpResponseCodec.java:53)
	at org.openqa.selenium.remote.HttpCommandExecutor.execute(HttpCommandExecutor.java:184)
	at org.openqa.selenium.remote.service.DriverCommandExecutor.invokeExecute(DriverCommandExecutor.java:167)
	at org.openqa.selenium.remote.service.DriverCommandExecutor.execute(DriverCommandExecutor.java:142)
	at org.openqa.selenium.remote.RemoteWebDriver.execute(RemoteWebDriver.java:543)
	at org.openqa.selenium.remote.ElementLocation$ElementFinder$2.findElement(ElementLocation.java:162)
	at org.openqa.selenium.remote.ElementLocation.findElement(ElementLocation.java:60)
	at org.openqa.selenium.remote.RemoteWebDriver.findElement(RemoteWebDriver.java:352)
	at org.openqa.selenium.remote.RemoteWebDriver.findElement(RemoteWebDriver.java:344)
	at org.openqa.selenium.support.pagefactory.DefaultElementLocator.findElement(DefaultElementLocator.java:70)
	at org.openqa.selenium.support.pagefactory.internal.LocatingElementHandler.invoke(LocatingElementHandler.java:39)
	at jdk.proxy2/jdk.proxy2.$Proxy28.click(Unknown Source)
	at pages.StarCountPage.star_count(StarCountPage.java:56)
	at parallel.StarCount.fetchesStarCount(StarCount.java:61)
	at ?.fetches star count(classpath:parallel/login2.feature:9)
</pre></div><a href='#' onClick='toggleBox("stack-trace1415194042", this, "Click to show all stack frames", "Click to hide stack frames")'>Click to show all stack frames</a>
<div class='stack-trace' id='stack-trace1415194042'><pre>org.openqa.selenium.NoSuchElementException: no such element: Unable to locate element: {&quot;method&quot;:&quot;xpath&quot;,&quot;selector&quot;:&quot;(//a[@class=&apos;Link--muted&apos;])[2]&quot;}
  (Session info: chrome=111.0.5563.147)
For documentation on this error, please visit: https://selenium.dev/exceptions/#no_such_element
Build info: version: &apos;4.8.1&apos;, revision: &apos;8ebccac989&apos;
System info: os.name: &apos;Windows 10&apos;, os.arch: &apos;amd64&apos;, os.version: &apos;10.0&apos;, java.version: &apos;17.0.1&apos;
Driver info: org.openqa.selenium.chrome.ChromeDriver
Command: [7708f04cb7c4fc024c19d855f6c45e60, findElement {using=xpath, value=(//a[@class=&apos;Link--muted&apos;])[2]}]
Capabilities {acceptInsecureCerts: false, browserName: chrome, browserVersion: 111.0.5563.147, chrome: {chromedriverVersion: 111.0.5563.64 (c710e93d5b63..., userDataDir: C:\Program Files (x86)\scop...}, goog:chromeOptions: {debuggerAddress: localhost:62520}, networkConnectionEnabled: false, pageLoadStrategy: normal, platformName: WINDOWS, proxy: Proxy(), se:cdp: ws://localhost:62520/devtoo..., se:cdpVersion: 111.0.5563.147, setWindowRect: true, strictFileInteractability: false, timeouts: {implicit: 0, pageLoad: 300000, script: 30000}, unhandledPromptBehavior: dismiss and notify, webauthn:extension:credBlob: true, webauthn:extension:largeBlob: true, webauthn:extension:minPinLength: true, webauthn:extension:prf: true, webauthn:virtualAuthenticators: true}
Session ID: 7708f04cb7c4fc024c19d855f6c45e60
	at java.base/jdk.internal.reflect.NativeConstructorAccessorImpl.newInstance0(Native Method)
	at java.base/jdk.internal.reflect.NativeConstructorAccessorImpl.newInstance(NativeConstructorAccessorImpl.java:77)
	at java.base/jdk.internal.reflect.DelegatingConstructorAccessorImpl.newInstance(DelegatingConstructorAccessorImpl.java:45)
	at java.base/java.lang.reflect.Constructor.newInstanceWithCaller(Constructor.java:499)
	at java.base/java.lang.reflect.Constructor.newInstance(Constructor.java:480)
	at org.openqa.selenium.remote.codec.w3c.W3CHttpResponseCodec.createException(W3CHttpResponseCodec.java:200)
	at org.openqa.selenium.remote.codec.w3c.W3CHttpResponseCodec.decode(W3CHttpResponseCodec.java:133)
	at org.openqa.selenium.remote.codec.w3c.W3CHttpResponseCodec.decode(W3CHttpResponseCodec.java:53)
	at org.openqa.selenium.remote.HttpCommandExecutor.execute(HttpCommandExecutor.java:184)
	at org.openqa.selenium.remote.service.DriverCommandExecutor.invokeExecute(DriverCommandExecutor.java:167)
	at org.openqa.selenium.remote.service.DriverCommandExecutor.execute(DriverCommandExecutor.java:142)
	at org.openqa.selenium.remote.RemoteWebDriver.execute(RemoteWebDriver.java:543)
	at org.openqa.selenium.remote.ElementLocation$ElementFinder$2.findElement(ElementLocation.java:162)
	at org.openqa.selenium.remote.ElementLocation.findElement(ElementLocation.java:60)
	at org.openqa.selenium.remote.RemoteWebDriver.findElement(RemoteWebDriver.java:352)
	at org.openqa.selenium.remote.RemoteWebDriver.findElement(RemoteWebDriver.java:344)
	at org.openqa.selenium.support.pagefactory.DefaultElementLocator.findElement(DefaultElementLocator.java:70)
	at org.openqa.selenium.support.pagefactory.internal.LocatingElementHandler.invoke(LocatingElementHandler.java:39)
	at jdk.proxy2/jdk.proxy2.$Proxy28.click(Unknown Source)
	at pages.StarCountPage.star_count(StarCountPage.java:56)
	at parallel.StarCount.fetchesStarCount(StarCount.java:61)
	at ?.fetches star count(classpath:parallel/login2.feature:9)
</pre></div></td>
<td>22</td>
<td>parallel.parallelRun@7ae0a9ec</td></tr>
<tr>
<td title='parallel.parallelRun.runScenario()'><b>runScenario</b><br>Test class: parallel.parallelRun<br>Test method: Runs Cucumber Scenarios<br>Parameters: "Check whether Checkout button colour is Amber after hovering on it", "feature to test React Shopping WebSite functionality"</td>
<td><div><pre>junit.framework.ComparisonFailure: expected:&lt;rgba(2[18, 179, 2], 1)&gt; but was:&lt;rgba(2[34, 191, 0], 1)&gt;
	at junit.framework.Assert.assertEquals(Assert.java:100)
	at junit.framework.Assert.assertEquals(Assert.java:107)
	at parallel.ColourVerify.chekoutButtonTurnsIntoAmberColour(ColourVerify.java:48)
	at ?.Chekout button turns into amber colour(classpath:parallel/login2.feature:42)
</pre></div><a href='#' onClick='toggleBox("stack-trace864059894", this, "Click to show all stack frames", "Click to hide stack frames")'>Click to show all stack frames</a>
<div class='stack-trace' id='stack-trace864059894'><pre>junit.framework.ComparisonFailure: expected:&lt;rgba(2[18, 179, 2], 1)&gt; but was:&lt;rgba(2[34, 191, 0], 1)&gt;
	at junit.framework.Assert.assertEquals(Assert.java:100)
	at junit.framework.Assert.assertEquals(Assert.java:107)
	at parallel.ColourVerify.chekoutButtonTurnsIntoAmberColour(ColourVerify.java:48)
	at ?.Chekout button turns into amber colour(classpath:parallel/login2.feature:42)
</pre></div></td>
<td>13</td>
<td>parallel.parallelRun@7ae0a9ec</td></tr>
</table><p>
<table width='100%' border='1' class='invocation-passed'>
<tr><td colspan='4' align='center'><b>PASSED TESTS</b></td></tr>
<tr><td><b>Test method</b></td>
<td><b>Attribute(s)</b></td>
<td width="30%"><b>Exception</b></td>
<td width="10%"><b>Time (seconds)</b></td>
<td><b>Instance</b></td>
</tr>
<tr>
<td title='parallel.parallelRun.runScenario()'><b>runScenario</b><br>Test class: parallel.parallelRun<br>Test method: Runs Cucumber Scenarios<br>Parameters: "Check quantity displayed for Size S matches with available products", "feature to test React Shopping WebSite functionality"</td>
<td></td>
<td>17</td>
<td>parallel.parallelRun@7ae0a9ec</td></tr>
<tr>
<td title='parallel.parallelRun.runScenario()'><b>runScenario</b><br>Test class: parallel.parallelRun<br>Test method: Runs Cucumber Scenarios<br>Parameters: "Check whether Cropped Stay Groovy off white and Skater Black Sweatshirt is eligible for free shipping", "feature to test React Shopping WebSite functionality"</td>
<td></td>
<td>14</td>
<td>parallel.parallelRun@7ae0a9ec</td></tr>
<tr>
<td title='parallel.parallelRun.runScenario()'><b>runScenario</b><br>Test class: parallel.parallelRun<br>Test method: Runs Cucumber Scenarios<br>Parameters: "Check if product gets purchased for Size XL", "feature to test React Shopping WebSite functionality"</td>
<td></td>
<td>14</td>
<td>parallel.parallelRun@7ae0a9ec</td></tr>
<tr>
<td title='parallel.parallelRun.runScenario()'><b>runScenario</b><br>Test class: parallel.parallelRun<br>Test method: Runs Cucumber Scenarios<br>Parameters: "Check if product quantity increases and decreases", "feature to test React Shopping WebSite functionality"</td>
<td></td>
<td>14</td>
<td>parallel.parallelRun@7ae0a9ec</td></tr>
<tr>
<td title='parallel.parallelRun.runScenario()'><b>runScenario</b><br>Test class: parallel.parallelRun<br>Test method: Runs Cucumber Scenarios<br>Parameters: "Check if github is taking login credentials through react shopping cart Site", "feature to test React Shopping WebSite functionality"</td>
<td></td>
<td>19</td>
<td>parallel.parallelRun@7ae0a9ec</td></tr>
<tr>
<td title='parallel.parallelRun.runScenario()'><b>runScenario</b><br>Test class: parallel.parallelRun<br>Test method: Runs Cucumber Scenarios<br>Parameters: "Check quantity display matches with available products", "feature to test React Shopping WebSite functionality"</td>
<td></td>
<td>13</td>
<td>parallel.parallelRun@7ae0a9ec</td></tr>
</table><p>
</body>
</html>